<?xml version="1.0" encoding="UTF-8"?>
<testng-results ignored="0" total="1" passed="1" failed="0" skipped="0">
  <reporter-output>
  </reporter-output>
  <suite started-at="2023-03-28T22:30:13 BDT" name="Default suite" finished-at="2023-03-28T22:30:16 BDT" duration-ms="2850">
    <groups>
    </groups>
    <test started-at="2023-03-28T22:30:13 BDT" name="Default test" finished-at="2023-03-28T22:30:16 BDT" duration-ms="2850">
      <class name="testcases.TestCases">
        <test-method is-config="true" signature="setBrowser()[pri:0, instance:testcases.TestCases@27406a17]" started-at="2023-03-28T22:30:04 BDT" name="setBrowser" finished-at="2023-03-28T22:30:13 BDT" duration-ms="8917" status="PASS">
          <reporter-output>
          </reporter-output>
        </test-method> <!-- setBrowser -->
        <test-method signature="testCases()[pri:0, instance:testcases.TestCases@27406a17]" started-at="2023-03-28T22:30:13 BDT" name="testCases" finished-at="2023-03-28T22:30:16 BDT" duration-ms="2766" status="PASS">
          <reporter-output>
          </reporter-output>
        </test-method> <!-- testCases -->
        <test-method is-config="true" signature="quitBrowser()[pri:0, instance:testcases.TestCases@27406a17]" started-at="2023-03-28T22:30:16 BDT" name="quitBrowser" finished-at="2023-03-28T22:30:19 BDT" duration-ms="2916" status="PASS">
          <reporter-output>
          </reporter-output>
        </test-method> <!-- quitBrowser -->
      </class> <!-- testcases.TestCases -->
    </test> <!-- Default test -->
  </suite> <!-- Default suite -->
</testng-results>
